<?xml version="1.0" encoding="UTF-8"?>
<testsuite xmlns:xsi="http://www.w3.org/2001/XMLSchema-instance" xsi:noNamespaceSchemaLocation="https://maven.apache.org/surefire/maven-surefire-plugin/xsd/surefire-test-report.xsd" name="pointofsale.model.TestSale" time="0" tests="6" errors="0" skipped="0" failures="0">
  <properties>
    <property name="sun.desktop" value="windows"/>
    <property name="awt.toolkit" value="sun.awt.windows.WToolkit"/>
    <property name="file.encoding.pkg" value="sun.io"/>
    <property name="java.specification.version" value="1.8"/>
    <property name="sun.cpu.isalist" value="amd64"/>
    <property name="sun.jnu.encoding" value="Cp1252"/>
    <property name="java.class.path" value="C:\Users\Adam Rosell\KTH\OOD\ODD2018\Code\target\test-classes;C:\Users\Adam Rosell\KTH\OOD\ODD2018\Code\target\classes;C:\Users\Adam Rosell\.m2\repository\org\junit\jupiter\junit-jupiter-api\5.1.0\junit-jupiter-api-5.1.0.jar;C:\Users\Adam Rosell\.m2\repository\org\apiguardian\apiguardian-api\1.0.0\apiguardian-api-1.0.0.jar;C:\Users\Adam Rosell\.m2\repository\org\opentest4j\opentest4j\1.0.0\opentest4j-1.0.0.jar;C:\Users\Adam Rosell\.m2\repository\org\junit\platform\junit-platform-commons\1.1.0\junit-platform-commons-1.1.0.jar;C:\Users\Adam Rosell\.m2\repository\org\junit\jupiter\junit-jupiter-engine\5.1.0\junit-jupiter-engine-5.1.0.jar;C:\Users\Adam Rosell\.m2\repository\org\junit\platform\junit-platform-engine\1.1.0\junit-platform-engine-1.1.0.jar;C:\Users\Adam Rosell\.m2\repository\org\junit\vintage\junit-vintage-engine\5.1.0\junit-vintage-engine-5.1.0.jar;C:\Users\Adam Rosell\.m2\repository\junit\junit\4.12\junit-4.12.jar;C:\Users\Adam Rosell\.m2\repository\org\hamcrest\hamcrest-core\1.3\hamcrest-core-1.3.jar;C:\Users\Adam Rosell\.m2\repository\org\junit\platform\junit-platform-launcher\1.1.0\junit-platform-launcher-1.1.0.jar;C:\Users\Adam Rosell\.m2\repository\org\junit\platform\junit-platform-runner\1.1.0\junit-platform-runner-1.1.0.jar;C:\Users\Adam Rosell\.m2\repository\org\junit\platform\junit-platform-suite-api\1.1.0\junit-platform-suite-api-1.1.0.jar;"/>
    <property name="java.vm.vendor" value="Oracle Corporation"/>
    <property name="sun.arch.data.model" value="64"/>
    <property name="user.variant" value=""/>
    <property name="java.vendor.url" value="http://java.oracle.com/"/>
    <property name="user.timezone" value=""/>
    <property name="java.vm.specification.version" value="1.8"/>
    <property name="os.name" value="Windows 10"/>
    <property name="user.country" value="SE"/>
    <property name="sun.java.launcher" value="SUN_STANDARD"/>
    <property name="sun.boot.library.path" value="C:\Program Files\Java\jdk1.8.0_112\jre\bin"/>
    <property name="sun.java.command" value="C:\Users\ADAMRO~1\AppData\Local\Temp\surefire4465006225403254933\surefirebooter5624119629991240232.jar C:\Users\Adam Rosell\AppData\Local\Temp\surefire4465006225403254933 2018-06-03T22-07-23_063-jvmRun1 surefire1423647109710738648tmp surefire_02400056274398381233tmp"/>
    <property name="surefire.test.class.path" value="C:\Users\Adam Rosell\KTH\OOD\ODD2018\Code\target\test-classes;C:\Users\Adam Rosell\KTH\OOD\ODD2018\Code\target\classes;C:\Users\Adam Rosell\.m2\repository\org\junit\jupiter\junit-jupiter-api\5.1.0\junit-jupiter-api-5.1.0.jar;C:\Users\Adam Rosell\.m2\repository\org\apiguardian\apiguardian-api\1.0.0\apiguardian-api-1.0.0.jar;C:\Users\Adam Rosell\.m2\repository\org\opentest4j\opentest4j\1.0.0\opentest4j-1.0.0.jar;C:\Users\Adam Rosell\.m2\repository\org\junit\platform\junit-platform-commons\1.1.0\junit-platform-commons-1.1.0.jar;C:\Users\Adam Rosell\.m2\repository\org\junit\jupiter\junit-jupiter-engine\5.1.0\junit-jupiter-engine-5.1.0.jar;C:\Users\Adam Rosell\.m2\repository\org\junit\platform\junit-platform-engine\1.1.0\junit-platform-engine-1.1.0.jar;C:\Users\Adam Rosell\.m2\repository\org\junit\vintage\junit-vintage-engine\5.1.0\junit-vintage-engine-5.1.0.jar;C:\Users\Adam Rosell\.m2\repository\junit\junit\4.12\junit-4.12.jar;C:\Users\Adam Rosell\.m2\repository\org\hamcrest\hamcrest-core\1.3\hamcrest-core-1.3.jar;C:\Users\Adam Rosell\.m2\repository\org\junit\platform\junit-platform-launcher\1.1.0\junit-platform-launcher-1.1.0.jar;C:\Users\Adam Rosell\.m2\repository\org\junit\platform\junit-platform-runner\1.1.0\junit-platform-runner-1.1.0.jar;C:\Users\Adam Rosell\.m2\repository\org\junit\platform\junit-platform-suite-api\1.1.0\junit-platform-suite-api-1.1.0.jar;"/>
    <property name="sun.cpu.endian" value="little"/>
    <property name="user.home" value="C:\Users\Adam Rosell"/>
    <property name="user.language" value="sv"/>
    <property name="java.specification.vendor" value="Oracle Corporation"/>
    <property name="java.home" value="C:\Program Files\Java\jdk1.8.0_112\jre"/>
    <property name="basedir" value="C:\Users\Adam Rosell\KTH\OOD\ODD2018\Code"/>
    <property name="file.separator" value="\"/>
    <property name="line.separator" value="&#10;"/>
    <property name="java.vm.specification.vendor" value="Oracle Corporation"/>
    <property name="java.specification.name" value="Java Platform API Specification"/>
    <property name="java.awt.graphicsenv" value="sun.awt.Win32GraphicsEnvironment"/>
    <property name="surefire.real.class.path" value="C:\Users\ADAMRO~1\AppData\Local\Temp\surefire4465006225403254933\surefirebooter5624119629991240232.jar"/>
    <property name="sun.boot.class.path" value="C:\Program Files\Java\jdk1.8.0_112\jre\lib\resources.jar;C:\Program Files\Java\jdk1.8.0_112\jre\lib\rt.jar;C:\Program Files\Java\jdk1.8.0_112\jre\lib\sunrsasign.jar;C:\Program Files\Java\jdk1.8.0_112\jre\lib\jsse.jar;C:\Program Files\Java\jdk1.8.0_112\jre\lib\jce.jar;C:\Program Files\Java\jdk1.8.0_112\jre\lib\charsets.jar;C:\Program Files\Java\jdk1.8.0_112\jre\lib\jfr.jar;C:\Program Files\Java\jdk1.8.0_112\jre\classes"/>
    <property name="user.script" value=""/>
    <property name="sun.management.compiler" value="HotSpot 64-Bit Tiered Compilers"/>
    <property name="java.runtime.version" value="1.8.0_112-b15"/>
    <property name="user.name" value="Adam Rosell"/>
    <property name="path.separator" value=";"/>
    <property name="os.version" value="10.0"/>
    <property name="java.endorsed.dirs" value="C:\Program Files\Java\jdk1.8.0_112\jre\lib\endorsed"/>
    <property name="java.runtime.name" value="Java(TM) SE Runtime Environment"/>
    <property name="file.encoding" value="Cp1252"/>
    <property name="java.vm.name" value="Java HotSpot(TM) 64-Bit Server VM"/>
    <property name="localRepository" value="C:\Users\Adam Rosell\.m2\repository"/>
    <property name="java.vendor.url.bug" value="http://bugreport.sun.com/bugreport/"/>
    <property name="java.io.tmpdir" value="C:\Users\ADAMRO~1\AppData\Local\Temp\"/>
    <property name="idea.version" value="2018.1.4"/>
    <property name="java.version" value="1.8.0_112"/>
    <property name="user.dir" value="C:\Users\Adam Rosell\KTH\OOD\ODD2018\Code"/>
    <property name="os.arch" value="amd64"/>
    <property name="java.vm.specification.name" value="Java Virtual Machine Specification"/>
    <property name="java.awt.printerjob" value="sun.awt.windows.WPrinterJob"/>
    <property name="sun.os.patch.level" value=""/>
    <property name="java.library.path" value="C:\Program Files\Java\jdk1.8.0_112\jre\bin;C:\WINDOWS\Sun\Java\bin;C:\WINDOWS\system32;C:\WINDOWS;C:\Program Files (x86)\Google\Chrome\Application;C:\WINDOWS\System32;%appdata%\Composer\vendor\bin;C:\Users\Adam Rosell\AppData\Local\Microsoft\WindowsApps;C:\Users\Adam Rosell\AppData\Local\GitHubDesktop\bin;C:\Users\Adam Rosell\AppData\Roaming\Composer\vendor\bin;C:\UniServerZ\core\php71;C:\ProgramData\ComposerSetup\bin;C:\WINDOWS\system32;C:\WINDOWS;C:\WINDOWS\System32\Wbem;C:\WINDOWS\System32\WindowsPowerShell\v1.0\;%appdata%\Composer\vendor\bin;C:\Users\Adam Rosell\AppData\Local\Microsoft\WindowsApps;C:\Users\Adam Rosell\AppData\Local\GitHubDesktop\bin;C:\Users\Adam Rosell\AppData\Roaming\Composer\vendor\bin;C:\UniServerZ\core\php71;C:\ProgramData\ComposerSetup\bin;C:\WINDOWS\system32;C:\WINDOWS;C:\WINDOWS\System32\Wbem;C:\WINDOWS\System32\WindowsPowerShell\v1.0\;%appdata%\Composer\vendor\bin;C:\Users\Adam Rosell\AppData\Local\Microsoft\WindowsApps;C:\Users\Adam Rosell\AppData\Local\GitHubDesktop\bin;C:\Users\Adam Rosell\AppData\Roaming\Composer\vendor\bin;C:\UniServerZ\core\php71;C:\ProgramData\ComposerSetup\bin;C:\WINDOWS\system32;C:\WINDOWS;C:\WINDOWS\System32\Wbem;C:\WINDOWS\System32\WindowsPowerShell\v1.0\;C:\Users\Adam Rosell\AppData\Local\Microsoft\WindowsApps;C:\Users\Adam Rosell\AppData\Local\GitHubDesktop\bin;C:\Users\Adam Rosell\AppData\Roaming\Composer\vendor\bin;C:\Users\Adam Rosell\AppData\Local\atom\bin;%USERPROFILE%\AppData\Local\Microsoft\WindowsApps;;."/>
    <property name="java.vm.info" value="mixed mode"/>
    <property name="java.vendor" value="Oracle Corporation"/>
    <property name="java.vm.version" value="25.112-b15"/>
    <property name="java.ext.dirs" value="C:\Program Files\Java\jdk1.8.0_112\jre\lib\ext;C:\WINDOWS\Sun\Java\lib\ext"/>
    <property name="sun.io.unicode.encoding" value="UnicodeLittle"/>
    <property name="java.class.version" value="52.0"/>
  </properties>
  <testcase name="TestGetRunningTotal" classname="pointofsale.model.TestSale" time="0"/>
  <testcase name="TestAddItemExceptionDatabaseError" classname="pointofsale.model.TestSale" time="0"/>
  <testcase name="TestGetGoodsCorrectItemCollected" classname="pointofsale.model.TestSale" time="0"/>
  <testcase name="TestGetItemInformationExceptionInvalidItemIDError" classname="pointofsale.model.TestSale" time="0"/>
  <testcase name="TestAddItemCorrectItemFromDB" classname="pointofsale.model.TestSale" time="0"/>
  <testcase name="TestGetTs" classname="pointofsale.model.TestSale" time="0"/>
</testsuite>